  Using 'git status' to determine working set for adaptive non-unity build (C:\Users\15038\Documents\GitHub\cPlusPlus_UnrealEngine).
  Parsing headers for CppGameEditor
    Running UnrealHeaderTool "C:\Users\15038\Documents\GitHub\cPlusPlus_UnrealEngine\CppGame\CppGame.uproject" "C:\Users\15038\Documents\GitHub\cPlusPlus_UnrealEngine\CppGame\Intermediate\Build\Win64\CppGameEditor\Development\CppGameEditor.uhtmanifest" -LogCmds="loginit warning, logexit warning, logdatabase error" -Unattended -WarningsAsErrors -abslog="C:\Users\15038\AppData\Local\UnrealBuildTool\Log_UHT.txt" -installed
  LogInit: Display: Loading text-based GConfig....
  Reflection code generated for CppGameEditor in 6.8531736 seconds
  Building CppGameEditor...
  Using Visual Studio 2019 14.29.30138 toolchain (C:\Program Files (x86)\Microsoft Visual Studio\2019\Community\VC\Tools\MSVC\14.29.30133) and Windows 10.0.19041.0 SDK (C:\Program Files (x86)\Windows Kits\10).
  Building 8 actions with 8 processes...
    [1/8] CppGame.init.gen.cpp
    [2/8] EndGameScreen.cpp
    [3/8] MainMenu.cpp
    [4/8] EndGameScreen.gen.cpp
    [5/8] MainMenu.gen.cpp
    [6/8] UE4Editor-CppGame-0007.lib
       Creating library C:\Users\15038\Documents\GitHub\cPlusPlus_UnrealEngine\CppGame\Intermediate\Build\Win64\UE4Editor\Development\CppGame\UE4Editor-CppGame-0007.lib and object C:\Users\15038\Documents\GitHub\cPlusPlus_UnrealEngine\CppGame\Intermediate\Build\Win64\UE4Editor\Development\CppGame\UE4Editor-CppGame-0007.exp
    [7/8] UE4Editor-CppGame-0007.dll
       Creating library C:\Users\15038\Documents\GitHub\cPlusPlus_UnrealEngine\CppGame\Intermediate\Build\Win64\UE4Editor\Development\CppGame\UE4Editor-CppGame-0007.suppressed.lib and object C:\Users\15038\Documents\GitHub\cPlusPlus_UnrealEngine\CppGame\Intermediate\Build\Win64\UE4Editor\Development\CppGame\UE4Editor-CppGame-0007.suppressed.exp
    [8/8] CppGameEditor.target
  Total time in Parallel executor: 89.69 seconds
  Total execution time: 97.90 seconds
